{"uuid":"4901a048-4d5e-495f-8fa9-55b8e88c1210","historyId":"762c1162cb00b19c9180d55843861448","fullName":"UI.MultiThreadTest.searchTest","labels":[{"name":"package","value":"UI.MultiThreadTest"},{"name":"testClass","value":"UI.MultiThreadTest"},{"name":"testMethod","value":"searchTest"},{"name":"parentSuite","value":"Default Suite"},{"name":"suite","value":"ATFramework"},{"name":"subSuite","value":"UI.MultiThreadTest"},{"name":"host","value":"NORMALNO"},{"name":"thread","value":"11372@NORMALNO.main(1)"},{"name":"framework","value":"testng"},{"name":"language","value":"java"}],"links":[],"name":"searchTest","status":"broken","statusDetails":{"known":false,"muted":false,"flaky":false,"message":"Timed out waiting for driver server to start.\nBuild info: version: '3.141.59', revision: 'e82be7d358', time: '2018-11-14T08:17:03'\nSystem info: host: 'NORMALNO', ip: '192.168.56.1', os.name: 'Windows 8.1', os.arch: 'amd64', os.version: '6.3', java.version: '15'\nDriver info: driver.version: ChromeDriver","trace":"org.openqa.selenium.WebDriverException: Timed out waiting for driver server to start.\nBuild info: version: '3.141.59', revision: 'e82be7d358', time: '2018-11-14T08:17:03'\nSystem info: host: 'NORMALNO', ip: '192.168.56.1', os.name: 'Windows 8.1', os.arch: 'amd64', os.version: '6.3', java.version: '15'\nDriver info: driver.version: ChromeDriver\r\n\tat org.openqa.selenium.remote.service.DriverService.waitUntilAvailable(DriverService.java:202)\r\n\tat org.openqa.selenium.remote.service.DriverService.start(DriverService.java:188)\r\n\tat org.openqa.selenium.remote.service.DriverCommandExecutor.execute(DriverCommandExecutor.java:79)\r\n\tat org.openqa.selenium.remote.RemoteWebDriver.execute(RemoteWebDriver.java:552)\r\n\tat org.openqa.selenium.remote.RemoteWebDriver.startSession(RemoteWebDriver.java:213)\r\n\tat org.openqa.selenium.remote.RemoteWebDriver.<init>(RemoteWebDriver.java:131)\r\n\tat org.openqa.selenium.chrome.ChromeDriver.<init>(ChromeDriver.java:181)\r\n\tat org.openqa.selenium.chrome.ChromeDriver.<init>(ChromeDriver.java:168)\r\n\tat org.openqa.selenium.chrome.ChromeDriver.<init>(ChromeDriver.java:123)\r\n\tat common.WebDriverManager.setupChrome(WebDriverManager.java:12)\r\n\tat common.DriverFactory.initDriver(DriverFactory.java:17)\r\n\tat UI.MultiThreadTest.searchTest(MultiThreadTest.java:22)\r\n\tat java.base/jdk.internal.reflect.NativeMethodAccessorImpl.invoke0(Native Method)\r\n\tat java.base/jdk.internal.reflect.NativeMethodAccessorImpl.invoke(NativeMethodAccessorImpl.java:64)\r\n\tat java.base/jdk.internal.reflect.DelegatingMethodAccessorImpl.invoke(DelegatingMethodAccessorImpl.java:43)\r\n\tat java.base/java.lang.reflect.Method.invoke(Method.java:564)\r\n\tat org.testng.internal.invokers.MethodInvocationHelper.invokeMethod(MethodInvocationHelper.java:135)\r\n\tat org.testng.internal.invokers.TestInvoker.invokeMethod(TestInvoker.java:673)\r\n\tat org.testng.internal.invokers.TestInvoker.invokeTestMethod(TestInvoker.java:220)\r\n\tat org.testng.internal.invokers.MethodRunner.runInSequence(MethodRunner.java:50)\r\n\tat org.testng.internal.invokers.TestInvoker$MethodInvocationAgent.invoke(TestInvoker.java:945)\r\n\tat org.testng.internal.invokers.TestInvoker.invokeTestMethods(TestInvoker.java:193)\r\n\tat org.testng.internal.invokers.TestMethodWorker.invokeTestMethods(TestMethodWorker.java:146)\r\n\tat org.testng.internal.invokers.TestMethodWorker.run(TestMethodWorker.java:128)\r\n\tat java.base/java.util.ArrayList.forEach(ArrayList.java:1511)\r\n\tat org.testng.TestRunner.privateRun(TestRunner.java:808)\r\n\tat org.testng.TestRunner.run(TestRunner.java:603)\r\n\tat org.testng.SuiteRunner.runTest(SuiteRunner.java:429)\r\n\tat org.testng.SuiteRunner.runSequentially(SuiteRunner.java:423)\r\n\tat org.testng.SuiteRunner.privateRun(SuiteRunner.java:383)\r\n\tat org.testng.SuiteRunner.run(SuiteRunner.java:326)\r\n\tat org.testng.SuiteRunnerWorker.runSuite(SuiteRunnerWorker.java:52)\r\n\tat org.testng.SuiteRunnerWorker.run(SuiteRunnerWorker.java:95)\r\n\tat org.testng.TestNG.runSuitesSequentially(TestNG.java:1249)\r\n\tat org.testng.TestNG.runSuitesLocally(TestNG.java:1169)\r\n\tat org.testng.TestNG.runSuites(TestNG.java:1092)\r\n\tat org.testng.TestNG.run(TestNG.java:1060)\r\n\tat com.intellij.rt.testng.IDEARemoteTestNG.run(IDEARemoteTestNG.java:66)\r\n\tat com.intellij.rt.testng.RemoteTestNGStarter.main(RemoteTestNGStarter.java:109)\r\nCaused by: org.openqa.selenium.net.UrlChecker$TimeoutException: Timed out waiting for [http://localhost:28254/status] to be available after 20003 ms\r\n\tat org.openqa.selenium.net.UrlChecker.waitUntilAvailable(UrlChecker.java:100)\r\n\tat org.openqa.selenium.remote.service.DriverService.waitUntilAvailable(DriverService.java:197)\r\n\t... 38 more\r\nCaused by: java.util.concurrent.TimeoutException\r\n\tat java.base/java.util.concurrent.FutureTask.get(FutureTask.java:204)\r\n\tat com.google.common.util.concurrent.SimpleTimeLimiter.callWithTimeout(SimpleTimeLimiter.java:156)\r\n\tat org.openqa.selenium.net.UrlChecker.waitUntilAvailable(UrlChecker.java:75)\r\n\t... 39 more\r\n"},"stage":"finished","steps":[],"attachments":[],"parameters":[{"name":"arg0","value":"chrome"}],"start":1656162293923,"stop":1656162316766}